<?xml version="1.0" encoding="UTF-8"?>
<testng-results ignored="2" total="4" passed="2" failed="0" skipped="0">
  <reporter-output>
  </reporter-output>
  <suite started-at="2021-11-16T12:16:54 IST" name="Suite" finished-at="2021-11-16T12:20:34 IST" duration-ms="220657">
    <groups>
    </groups>
    <test started-at="2021-11-16T12:16:54 IST" name="Test" finished-at="2021-11-16T12:20:34 IST" duration-ms="220657">
      <class name="com.vTiger.testcases.CreateOrganisationTest">
        <test-method is-config="true" signature="connectDatabase()[pri:0, instance:com.vTiger.testcases.CreateOrganisationTest@3e84448c]" started-at="2021-11-16T12:16:54 IST" name="connectDatabase" finished-at="2021-11-16T12:16:54 IST" duration-ms="62" status="PASS">
          <reporter-output>
          </reporter-output>
        </test-method> <!-- connectDatabase -->
        <test-method is-config="true" signature="launchBrowser()[pri:0, instance:com.vTiger.testcases.CreateOrganisationTest@3e84448c]" started-at="2021-11-16T12:16:54 IST" name="launchBrowser" finished-at="2021-11-16T12:17:03 IST" duration-ms="9682" status="PASS">
          <reporter-output>
          </reporter-output>
        </test-method> <!-- launchBrowser -->
        <test-method is-config="true" signature="login()[pri:0, instance:com.vTiger.testcases.CreateOrganisationTest@3e84448c]" started-at="2021-11-16T12:17:03 IST" name="login" finished-at="2021-11-16T12:18:16 IST" duration-ms="72429" status="PASS">
          <reporter-output>
          </reporter-output>
        </test-method> <!-- login -->
        <test-method signature="createOrganisationTest()[pri:0, instance:com.vTiger.testcases.CreateOrganisationTest@3e84448c]" started-at="2021-11-16T12:18:16 IST" name="createOrganisationTest" finished-at="2021-11-16T12:19:06 IST" duration-ms="49944" status="PASS">
          <reporter-output>
          </reporter-output>
        </test-method> <!-- createOrganisationTest -->
        <test-method is-config="true" signature="logout()[pri:0, instance:com.vTiger.testcases.CreateOrganisationTest@3e84448c]" started-at="2021-11-16T12:19:06 IST" name="logout" finished-at="2021-11-16T12:19:10 IST" duration-ms="4058" status="FAIL">
          <exception class="java.lang.NullPointerException">
            <full-stacktrace>
              <![CDATA[java.lang.NullPointerException
at java.base/java.util.Objects.requireNonNull(Objects.java:221)
at org.openqa.selenium.interactions.Actions.<init>(Actions.java:65)
at com.vtiger.genericutils.WebDriverUtility.mouseOver(WebDriverUtility.java:73)
at com.vtiger.objectRepository.HomePage.signOutFromVtiger(HomePage.java:58)
at com.vtiger.genericutils.BaseClass.logout(BaseClass.java:70)
at java.base/jdk.internal.reflect.NativeMethodAccessorImpl.invoke0(Native Method)
at java.base/jdk.internal.reflect.NativeMethodAccessorImpl.invoke(NativeMethodAccessorImpl.java:62)
at java.base/jdk.internal.reflect.DelegatingMethodAccessorImpl.invoke(DelegatingMethodAccessorImpl.java:43)
at java.base/java.lang.reflect.Method.invoke(Method.java:566)
at org.testng.internal.MethodInvocationHelper.invokeMethod(MethodInvocationHelper.java:133)
at org.testng.internal.MethodInvocationHelper.invokeMethodConsideringTimeout(MethodInvocationHelper.java:62)
at org.testng.internal.ConfigInvoker.invokeConfigurationMethod(ConfigInvoker.java:385)
at org.testng.internal.ConfigInvoker.invokeConfigurations(ConfigInvoker.java:321)
at org.testng.internal.TestInvoker.runConfigMethods(TestInvoker.java:700)
at org.testng.internal.TestInvoker.runAfterGroupsConfigurations(TestInvoker.java:676)
at org.testng.internal.TestInvoker.invokeMethod(TestInvoker.java:660)
at org.testng.internal.TestInvoker.invokeTestMethod(TestInvoker.java:173)
at org.testng.internal.MethodRunner.runInSequence(MethodRunner.java:46)
at org.testng.internal.TestInvoker$MethodInvocationAgent.invoke(TestInvoker.java:824)
at org.testng.internal.TestInvoker.invokeTestMethods(TestInvoker.java:146)
at org.testng.internal.TestMethodWorker.invokeTestMethods(TestMethodWorker.java:146)
at org.testng.internal.TestMethodWorker.run(TestMethodWorker.java:128)
at java.base/java.util.ArrayList.forEach(ArrayList.java:1541)
at org.testng.TestRunner.privateRun(TestRunner.java:794)
at org.testng.TestRunner.run(TestRunner.java:596)
at org.testng.SuiteRunner.runTest(SuiteRunner.java:377)
at org.testng.SuiteRunner.runSequentially(SuiteRunner.java:371)
at org.testng.SuiteRunner.privateRun(SuiteRunner.java:332)
at org.testng.SuiteRunner.run(SuiteRunner.java:276)
at org.testng.SuiteRunnerWorker.runSuite(SuiteRunnerWorker.java:53)
at org.testng.SuiteRunnerWorker.run(SuiteRunnerWorker.java:96)
at org.testng.TestNG.runSuitesSequentially(TestNG.java:1212)
at org.testng.TestNG.runSuitesLocally(TestNG.java:1134)
at org.testng.TestNG.runSuites(TestNG.java:1063)
at org.testng.TestNG.run(TestNG.java:1031)
at org.testng.remote.AbstractRemoteTestNG.run(AbstractRemoteTestNG.java:115)
at org.testng.remote.RemoteTestNG.initAndRun(RemoteTestNG.java:251)
at org.testng.remote.RemoteTestNG.main(RemoteTestNG.java:77)
]]>
            </full-stacktrace>
          </exception> <!-- java.lang.NullPointerException -->
          <reporter-output>
          </reporter-output>
        </test-method> <!-- logout -->
        <test-method is-config="true" signature="closeBrowser()[pri:0, instance:com.vTiger.testcases.CreateOrganisationTest@3e84448c]" started-at="2021-11-16T12:19:10 IST" name="closeBrowser" finished-at="1970-01-01T05:30:00 IST" duration-ms="-1637045350415" status="SKIP">
          <reporter-output>
          </reporter-output>
        </test-method> <!-- closeBrowser -->
        <test-method is-config="true" signature="disconnectDatabase()[pri:0, instance:com.vTiger.testcases.CreateOrganisationTest@3e84448c]" started-at="2021-11-16T12:20:35 IST" name="disconnectDatabase" finished-at="2021-11-16T12:20:35 IST" duration-ms="0" status="PASS">
          <reporter-output>
          </reporter-output>
        </test-method> <!-- disconnectDatabase -->
      </class> <!-- com.vTiger.testcases.CreateOrganisationTest -->
      <class name="com.vTiger.testcases.CreateOrganisationWithIndustryTest">
        <test-method is-config="true" signature="launchBrowser()[pri:0, instance:com.vTiger.testcases.CreateOrganisationWithIndustryTest@1b1426f4]" started-at="2021-11-16T12:19:10 IST" name="launchBrowser" finished-at="2021-11-16T12:19:18 IST" duration-ms="8549" status="PASS">
          <reporter-output>
          </reporter-output>
        </test-method> <!-- launchBrowser -->
        <test-method is-config="true" signature="login()[pri:0, instance:com.vTiger.testcases.CreateOrganisationWithIndustryTest@1b1426f4]" started-at="2021-11-16T12:19:18 IST" name="login" finished-at="2021-11-16T12:20:12 IST" duration-ms="53353" status="PASS">
          <reporter-output>
          </reporter-output>
        </test-method> <!-- login -->
        <test-method signature="createOrganisationWithIndustry()[pri:0, instance:com.vTiger.testcases.CreateOrganisationWithIndustryTest@1b1426f4]" started-at="2021-11-16T12:20:12 IST" name="createOrganisationWithIndustry" finished-at="2021-11-16T12:20:30 IST" duration-ms="18404" status="PASS">
          <reporter-output>
          </reporter-output>
        </test-method> <!-- createOrganisationWithIndustry -->
        <test-method is-config="true" signature="logout()[pri:0, instance:com.vTiger.testcases.CreateOrganisationWithIndustryTest@1b1426f4]" started-at="2021-11-16T12:20:30 IST" name="logout" finished-at="2021-11-16T12:20:34 IST" duration-ms="4001" status="FAIL">
          <exception class="java.lang.NullPointerException">
            <full-stacktrace>
              <![CDATA[java.lang.NullPointerException
at java.base/java.util.Objects.requireNonNull(Objects.java:221)
at org.openqa.selenium.interactions.Actions.<init>(Actions.java:65)
at com.vtiger.genericutils.WebDriverUtility.mouseOver(WebDriverUtility.java:73)
at com.vtiger.objectRepository.HomePage.signOutFromVtiger(HomePage.java:58)
at com.vtiger.genericutils.BaseClass.logout(BaseClass.java:70)
at java.base/jdk.internal.reflect.NativeMethodAccessorImpl.invoke0(Native Method)
at java.base/jdk.internal.reflect.NativeMethodAccessorImpl.invoke(NativeMethodAccessorImpl.java:62)
at java.base/jdk.internal.reflect.DelegatingMethodAccessorImpl.invoke(DelegatingMethodAccessorImpl.java:43)
at java.base/java.lang.reflect.Method.invoke(Method.java:566)
at org.testng.internal.MethodInvocationHelper.invokeMethod(MethodInvocationHelper.java:133)
at org.testng.internal.MethodInvocationHelper.invokeMethodConsideringTimeout(MethodInvocationHelper.java:62)
at org.testng.internal.ConfigInvoker.invokeConfigurationMethod(ConfigInvoker.java:385)
at org.testng.internal.ConfigInvoker.invokeConfigurations(ConfigInvoker.java:321)
at org.testng.internal.TestInvoker.runConfigMethods(TestInvoker.java:700)
at org.testng.internal.TestInvoker.runAfterGroupsConfigurations(TestInvoker.java:676)
at org.testng.internal.TestInvoker.invokeMethod(TestInvoker.java:660)
at org.testng.internal.TestInvoker.invokeTestMethod(TestInvoker.java:173)
at org.testng.internal.MethodRunner.runInSequence(MethodRunner.java:46)
at org.testng.internal.TestInvoker$MethodInvocationAgent.invoke(TestInvoker.java:824)
at org.testng.internal.TestInvoker.invokeTestMethods(TestInvoker.java:146)
at org.testng.internal.TestMethodWorker.invokeTestMethods(TestMethodWorker.java:146)
at org.testng.internal.TestMethodWorker.run(TestMethodWorker.java:128)
at java.base/java.util.ArrayList.forEach(ArrayList.java:1541)
at org.testng.TestRunner.privateRun(TestRunner.java:794)
at org.testng.TestRunner.run(TestRunner.java:596)
at org.testng.SuiteRunner.runTest(SuiteRunner.java:377)
at org.testng.SuiteRunner.runSequentially(SuiteRunner.java:371)
at org.testng.SuiteRunner.privateRun(SuiteRunner.java:332)
at org.testng.SuiteRunner.run(SuiteRunner.java:276)
at org.testng.SuiteRunnerWorker.runSuite(SuiteRunnerWorker.java:53)
at org.testng.SuiteRunnerWorker.run(SuiteRunnerWorker.java:96)
at org.testng.TestNG.runSuitesSequentially(TestNG.java:1212)
at org.testng.TestNG.runSuitesLocally(TestNG.java:1134)
at org.testng.TestNG.runSuites(TestNG.java:1063)
at org.testng.TestNG.run(TestNG.java:1031)
at org.testng.remote.AbstractRemoteTestNG.run(AbstractRemoteTestNG.java:115)
at org.testng.remote.RemoteTestNG.initAndRun(RemoteTestNG.java:251)
at org.testng.remote.RemoteTestNG.main(RemoteTestNG.java:77)
]]>
            </full-stacktrace>
          </exception> <!-- java.lang.NullPointerException -->
          <reporter-output>
          </reporter-output>
        </test-method> <!-- logout -->
        <test-method is-config="true" signature="closeBrowser()[pri:0, instance:com.vTiger.testcases.CreateOrganisationWithIndustryTest@1b1426f4]" started-at="2021-11-16T12:20:34 IST" name="closeBrowser" finished-at="1970-01-01T05:30:00 IST" duration-ms="-1637045434744" status="SKIP">
          <reporter-output>
          </reporter-output>
        </test-method> <!-- closeBrowser -->
      </class> <!-- com.vTiger.testcases.CreateOrganisationWithIndustryTest -->
    </test> <!-- Test -->
  </suite> <!-- Suite -->
</testng-results>
