<?xml version="1.0" encoding="UTF-8"?>
<!-- Generated by org.testng.reporters.JUnitXMLReporter -->
<testsuite ignored="2" hostname="DESKTOP-R6249JK" failures="0" tests="2" name="Test" time="220.657" errors="0" timestamp="2021-11-16T12:20:35 IST">
  <testcase classname="com.vtiger.genericutils.BaseClass" name="@AfterMethod logout" time="4.058">
    <failure type="java.lang.NullPointerException">
      <![CDATA[java.lang.NullPointerException
at java.base/java.util.Objects.requireNonNull(Objects.java:221)
at org.openqa.selenium.interactions.Actions.<init>(Actions.java:65)
at com.vtiger.genericutils.WebDriverUtility.mouseOver(WebDriverUtility.java:73)
at com.vtiger.objectRepository.HomePage.signOutFromVtiger(HomePage.java:58)
at com.vtiger.genericutils.BaseClass.logout(BaseClass.java:70)
at java.base/java.util.ArrayList.forEach(ArrayList.java:1541)
... Removed 32 stack frames]]>
    </failure>
  </testcase> <!-- @AfterMethod logout -->
  <testcase classname="com.vtiger.genericutils.BaseClass" name="@AfterClass closeBrowser" time="-1.637045350415E9">
    <skipped/>
  </testcase> <!-- @AfterClass closeBrowser -->
  <testcase classname="com.vtiger.genericutils.BaseClass" name="@AfterMethod logout" time="4.001">
    <failure type="java.lang.NullPointerException">
      <![CDATA[java.lang.NullPointerException
at java.base/java.util.Objects.requireNonNull(Objects.java:221)
at org.openqa.selenium.interactions.Actions.<init>(Actions.java:65)
at com.vtiger.genericutils.WebDriverUtility.mouseOver(WebDriverUtility.java:73)
at com.vtiger.objectRepository.HomePage.signOutFromVtiger(HomePage.java:58)
at com.vtiger.genericutils.BaseClass.logout(BaseClass.java:70)
at java.base/java.util.ArrayList.forEach(ArrayList.java:1541)
... Removed 32 stack frames]]>
    </failure>
  </testcase> <!-- @AfterMethod logout -->
  <testcase classname="com.vtiger.genericutils.BaseClass" name="@AfterClass closeBrowser" time="-1.637045434744E9">
    <skipped/>
  </testcase> <!-- @AfterClass closeBrowser -->
  <testcase classname="com.vTiger.testcases.CreateOrganisationTest" name="createOrganisationTest" time="49.944"/>
  <testcase classname="com.vTiger.testcases.CreateOrganisationWithIndustryTest" name="createOrganisationWithIndustry" time="18.404"/>
  <testcase classname="com.vtiger.genericutils.BaseClass" name="@BeforeSuite connectDatabase" time="0.0">
    <ignored/>
  </testcase> <!-- @BeforeSuite connectDatabase -->
  <testcase classname="com.vtiger.genericutils.BaseClass" name="@AfterSuite disconnectDatabase" time="0.0">
    <ignored/>
  </testcase> <!-- @AfterSuite disconnectDatabase -->
</testsuite> <!-- Test -->
